{"/Users/miltonjunior/Documents/GitHub/restaurante-34-pedidos/src/__tests/mocks/MockPedidoGateway.ts": {"path":"/Users/miltonjunior/Documents/GitHub/restaurante-34-pedidos/src/__tests/mocks/MockPedidoGateway.ts","statementMap":{"0":{"start":{"line":1,"column":0},"end":{"line":1,"column":50}},"1":{"start":{"line":3,"column":0},"end":{"line":3,"column":58}},"2":{"start":{"line":6,"column":42},"end":{"line":6,"column":81}},"3":{"start":{"line":8,"column":0},"end":{"line":11,"column":7}},"4":{"start":{"line":9,"column":51},"end":{"line":11,"column":6}},"5":{"start":{"line":10,"column":8},"end":{"line":10,"column":60}},"6":{"start":{"line":13,"column":0},"end":{"line":16,"column":7}},"7":{"start":{"line":14,"column":49},"end":{"line":16,"column":6}},"8":{"start":{"line":15,"column":8},"end":{"line":15,"column":51}},"9":{"start":{"line":18,"column":0},"end":{"line":21,"column":7}},"10":{"start":{"line":19,"column":35},"end":{"line":21,"column":6}},"11":{"start":{"line":20,"column":8},"end":{"line":20,"column":49}},"12":{"start":{"line":23,"column":0},"end":{"line":26,"column":7}},"13":{"start":{"line":24,"column":49},"end":{"line":26,"column":6}},"14":{"start":{"line":25,"column":8},"end":{"line":25,"column":63}},"15":{"start":{"line":28,"column":0},"end":{"line":31,"column":7}},"16":{"start":{"line":29,"column":49},"end":{"line":31,"column":6}},"17":{"start":{"line":30,"column":8},"end":{"line":30,"column":74}},"18":{"start":{"line":34,"column":0},"end":{"line":37,"column":7}},"19":{"start":{"line":35,"column":73},"end":{"line":37,"column":6}},"20":{"start":{"line":36,"column":8},"end":{"line":36,"column":73}},"21":{"start":{"line":40,"column":0},"end":{"line":40,"column":33}}},"fnMap":{"0":{"name":"(anonymous_8)","decl":{"start":{"line":9,"column":24},"end":{"line":9,"column":31}},"loc":{"start":{"line":9,"column":51},"end":{"line":11,"column":6}}},"1":{"name":"(anonymous_9)","decl":{"start":{"line":9,"column":51},"end":{"line":9,"column":null}},"loc":{"start":{"line":9,"column":51},"end":{"line":11,"column":5}}},"2":{"name":"(anonymous_10)","decl":{"start":{"line":14,"column":24},"end":{"line":14,"column":31}},"loc":{"start":{"line":14,"column":49},"end":{"line":16,"column":6}}},"3":{"name":"(anonymous_11)","decl":{"start":{"line":14,"column":49},"end":{"line":14,"column":null}},"loc":{"start":{"line":14,"column":49},"end":{"line":16,"column":5}}},"4":{"name":"(anonymous_12)","decl":{"start":{"line":19,"column":24},"end":{"line":19,"column":33}},"loc":{"start":{"line":19,"column":35},"end":{"line":21,"column":6}}},"5":{"name":"(anonymous_13)","decl":{"start":{"line":19,"column":35},"end":{"line":19,"column":null}},"loc":{"start":{"line":19,"column":35},"end":{"line":21,"column":5}}},"6":{"name":"(anonymous_14)","decl":{"start":{"line":24,"column":24},"end":{"line":24,"column":31}},"loc":{"start":{"line":24,"column":49},"end":{"line":26,"column":6}}},"7":{"name":"(anonymous_15)","decl":{"start":{"line":24,"column":49},"end":{"line":24,"column":null}},"loc":{"start":{"line":24,"column":49},"end":{"line":26,"column":5}}},"8":{"name":"(anonymous_16)","decl":{"start":{"line":29,"column":24},"end":{"line":29,"column":31}},"loc":{"start":{"line":29,"column":49},"end":{"line":31,"column":6}}},"9":{"name":"(anonymous_17)","decl":{"start":{"line":29,"column":49},"end":{"line":29,"column":null}},"loc":{"start":{"line":29,"column":49},"end":{"line":31,"column":5}}},"10":{"name":"(anonymous_18)","decl":{"start":{"line":35,"column":24},"end":{"line":35,"column":31}},"loc":{"start":{"line":35,"column":73},"end":{"line":37,"column":6}}},"11":{"name":"(anonymous_19)","decl":{"start":{"line":35,"column":73},"end":{"line":35,"column":null}},"loc":{"start":{"line":35,"column":73},"end":{"line":37,"column":5}}}},"branchMap":{},"s":{"0":1,"1":1,"2":1,"3":1,"4":1,"5":1,"6":1,"7":1,"8":1,"9":1,"10":1,"11":1,"12":1,"13":1,"14":1,"15":1,"16":1,"17":1,"18":1,"19":1,"20":1,"21":1},"f":{"0":1,"1":1,"2":1,"3":1,"4":1,"5":1,"6":1,"7":1,"8":1,"9":1,"10":1,"11":1},"b":{}}
,"/Users/miltonjunior/Documents/GitHub/restaurante-34-pedidos/src/__tests/mocks/MockPedidoRepository.ts": {"path":"/Users/miltonjunior/Documents/GitHub/restaurante-34-pedidos/src/__tests/mocks/MockPedidoRepository.ts","statementMap":{"0":{"start":{"line":2,"column":0},"end":{"line":2,"column":39}},"1":{"start":{"line":3,"column":0},"end":{"line":3,"column":72}},"2":{"start":{"line":6,"column":48},"end":{"line":6,"column":76}},"3":{"start":{"line":8,"column":0},"end":{"line":16,"column":7}},"4":{"start":{"line":9,"column":49},"end":{"line":16,"column":6}},"5":{"start":{"line":10,"column":8},"end":{"line":15,"column":21}},"6":{"start":{"line":22,"column":0},"end":{"line":22,"column":36}}},"fnMap":{"0":{"name":"(anonymous_8)","decl":{"start":{"line":9,"column":24},"end":{"line":9,"column":31}},"loc":{"start":{"line":9,"column":49},"end":{"line":16,"column":6}}},"1":{"name":"(anonymous_9)","decl":{"start":{"line":9,"column":49},"end":{"line":9,"column":null}},"loc":{"start":{"line":9,"column":49},"end":{"line":16,"column":5}}}},"branchMap":{},"s":{"0":3,"1":3,"2":3,"3":3,"4":3,"5":3,"6":3},"f":{"0":3,"1":3},"b":{}}
,"/Users/miltonjunior/Documents/GitHub/restaurante-34-pedidos/src/__tests/mocks/MockProdutoDoPedidoGateway.ts": {"path":"/Users/miltonjunior/Documents/GitHub/restaurante-34-pedidos/src/__tests/mocks/MockProdutoDoPedidoGateway.ts","statementMap":{"0":{"start":{"line":1,"column":0},"end":{"line":1,"column":69}},"1":{"start":{"line":4,"column":0},"end":{"line":4,"column":77}},"2":{"start":{"line":7,"column":60},"end":{"line":7,"column":118}},"3":{"start":{"line":9,"column":0},"end":{"line":12,"column":7}},"4":{"start":{"line":10,"column":51},"end":{"line":12,"column":6}},"5":{"start":{"line":11,"column":8},"end":{"line":11,"column":60}},"6":{"start":{"line":14,"column":0},"end":{"line":17,"column":7}},"7":{"start":{"line":15,"column":71},"end":{"line":17,"column":6}},"8":{"start":{"line":16,"column":8},"end":{"line":16,"column":71}},"9":{"start":{"line":19,"column":0},"end":{"line":22,"column":7}},"10":{"start":{"line":20,"column":71},"end":{"line":22,"column":6}},"11":{"start":{"line":21,"column":8},"end":{"line":21,"column":71}},"12":{"start":{"line":24,"column":0},"end":{"line":24,"column":42}}},"fnMap":{"0":{"name":"(anonymous_8)","decl":{"start":{"line":10,"column":24},"end":{"line":10,"column":31}},"loc":{"start":{"line":10,"column":51},"end":{"line":12,"column":6}}},"1":{"name":"(anonymous_9)","decl":{"start":{"line":10,"column":51},"end":{"line":10,"column":null}},"loc":{"start":{"line":10,"column":51},"end":{"line":12,"column":5}}},"2":{"name":"(anonymous_10)","decl":{"start":{"line":15,"column":24},"end":{"line":15,"column":31}},"loc":{"start":{"line":15,"column":71},"end":{"line":17,"column":6}}},"3":{"name":"(anonymous_11)","decl":{"start":{"line":15,"column":71},"end":{"line":15,"column":null}},"loc":{"start":{"line":15,"column":71},"end":{"line":17,"column":5}}},"4":{"name":"(anonymous_12)","decl":{"start":{"line":20,"column":24},"end":{"line":20,"column":31}},"loc":{"start":{"line":20,"column":71},"end":{"line":22,"column":6}}},"5":{"name":"(anonymous_13)","decl":{"start":{"line":20,"column":71},"end":{"line":20,"column":null}},"loc":{"start":{"line":20,"column":71},"end":{"line":22,"column":5}}}},"branchMap":{},"s":{"0":1,"1":1,"2":1,"3":1,"4":2,"5":2,"6":1,"7":1,"8":1,"9":1,"10":1,"11":1,"12":1},"f":{"0":2,"1":2,"2":1,"3":1,"4":1,"5":1},"b":{}}
,"/Users/miltonjunior/Documents/GitHub/restaurante-34-pedidos/src/__tests/mocks/MockProdutoDoPedidoRepository.ts": {"path":"/Users/miltonjunior/Documents/GitHub/restaurante-34-pedidos/src/__tests/mocks/MockProdutoDoPedidoRepository.ts","statementMap":{"0":{"start":{"line":3,"column":0},"end":{"line":3,"column":39}},"1":{"start":{"line":4,"column":0},"end":{"line":4,"column":92}},"2":{"start":{"line":7,"column":68},"end":{"line":7,"column":106}},"3":{"start":{"line":9,"column":0},"end":{"line":26,"column":7}},"4":{"start":{"line":10,"column":71},"end":{"line":26,"column":6}},"5":{"start":{"line":12,"column":37},"end":{"line":17,"column":11}},"6":{"start":{"line":12,"column":78},"end":{"line":17,"column":10}},"7":{"start":{"line":20,"column":40},"end":{"line":22,"column":10}},"8":{"start":{"line":25,"column":8},"end":{"line":25,"column":39}},"9":{"start":{"line":29,"column":0},"end":{"line":36,"column":7}},"10":{"start":{"line":30,"column":51},"end":{"line":36,"column":6}},"11":{"start":{"line":31,"column":8},"end":{"line":35,"column":11}},"12":{"start":{"line":39,"column":0},"end":{"line":39,"column":46}}},"fnMap":{"0":{"name":"(anonymous_8)","decl":{"start":{"line":10,"column":24},"end":{"line":10,"column":31}},"loc":{"start":{"line":10,"column":71},"end":{"line":26,"column":6}}},"1":{"name":"(anonymous_9)","decl":{"start":{"line":10,"column":71},"end":{"line":10,"column":null}},"loc":{"start":{"line":10,"column":71},"end":{"line":26,"column":5}}},"2":{"name":"(anonymous_10)","decl":{"start":{"line":12,"column":58},"end":{"line":12,"column":73}},"loc":{"start":{"line":12,"column":78},"end":{"line":17,"column":10}}},"3":{"name":"(anonymous_11)","decl":{"start":{"line":30,"column":24},"end":{"line":30,"column":31}},"loc":{"start":{"line":30,"column":51},"end":{"line":36,"column":6}}},"4":{"name":"(anonymous_12)","decl":{"start":{"line":30,"column":51},"end":{"line":30,"column":null}},"loc":{"start":{"line":30,"column":51},"end":{"line":36,"column":5}}}},"branchMap":{},"s":{"0":3,"1":3,"2":3,"3":3,"4":3,"5":3,"6":4,"7":3,"8":3,"9":3,"10":4,"11":4,"12":3},"f":{"0":3,"1":3,"2":4,"3":4,"4":4},"b":{}}
,"/Users/miltonjunior/Documents/GitHub/restaurante-34-pedidos/src/enums/EnumStatusPedido.ts": {"path":"/Users/miltonjunior/Documents/GitHub/restaurante-34-pedidos/src/enums/EnumStatusPedido.ts","statementMap":{"0":{"start":{"line":1,"column":49},"end":{"line":6,"column":2}},"1":{"start":{"line":17,"column":9},"end":{"line":17,"column":25}},"2":{"start":{"line":9,"column":4},"end":{"line":13,"column":5}},"3":{"start":{"line":10,"column":8},"end":{"line":12,"column":9}},"4":{"start":{"line":11,"column":12},"end":{"line":11,"column":54}},"5":{"start":{"line":14,"column":4},"end":{"line":14,"column":21}},"6":{"start":{"line":17,"column":27},"end":{"line":17,"column":51}}},"fnMap":{"0":{"name":"getDescricaoStatusPedido","decl":{"start":{"line":8,"column":9},"end":{"line":8,"column":33}},"loc":{"start":{"line":8,"column":48},"end":{"line":15,"column":1}}}},"branchMap":{"0":{"loc":{"start":{"line":10,"column":8},"end":{"line":12,"column":9}},"type":"if","locations":[{"start":{"line":10,"column":8},"end":{"line":12,"column":9}}]}},"s":{"0":2,"1":2,"2":5,"3":14,"4":4,"5":1,"6":2},"f":{"0":5},"b":{"0":[4]}}
,"/Users/miltonjunior/Documents/GitHub/restaurante-34-pedidos/src/external/repositories/PedidoRepository.ts": {"path":"/Users/miltonjunior/Documents/GitHub/restaurante-34-pedidos/src/external/repositories/PedidoRepository.ts","statementMap":{"0":{"start":{"line":10,"column":8},"end":{"line":10,"column":41}},"1":{"start":{"line":14,"column":8},"end":{"line":26,"column":9}},"2":{"start":{"line":15,"column":37},"end":{"line":20,"column":14}},"3":{"start":{"line":22,"column":12},"end":{"line":22,"column":46}},"4":{"start":{"line":24,"column":12},"end":{"line":24,"column":58}},"5":{"start":{"line":25,"column":12},"end":{"line":25,"column":53}},"6":{"start":{"line":30,"column":8},"end":{"line":40,"column":9}},"7":{"start":{"line":31,"column":27},"end":{"line":35,"column":14}},"8":{"start":{"line":36,"column":12},"end":{"line":36,"column":36}},"9":{"start":{"line":38,"column":12},"end":{"line":38,"column":59}},"10":{"start":{"line":39,"column":12},"end":{"line":39,"column":54}},"11":{"start":{"line":44,"column":8},"end":{"line":68,"column":9}},"12":{"start":{"line":45,"column":40},"end":{"line":59,"column":14}},"13":{"start":{"line":61,"column":44},"end":{"line":61,"column":63}},"14":{"start":{"line":62,"column":39},"end":{"line":62,"column":65}},"15":{"start":{"line":64,"column":12},"end":{"line":64,"column":38}},"16":{"start":{"line":66,"column":12},"end":{"line":66,"column":60}},"17":{"start":{"line":67,"column":12},"end":{"line":67,"column":55}},"18":{"start":{"line":72,"column":8},"end":{"line":100,"column":9}},"19":{"start":{"line":73,"column":40},"end":{"line":91,"column":14}},"20":{"start":{"line":93,"column":44},"end":{"line":93,"column":63}},"21":{"start":{"line":94,"column":39},"end":{"line":94,"column":65}},"22":{"start":{"line":96,"column":12},"end":{"line":96,"column":38}},"23":{"start":{"line":98,"column":12},"end":{"line":98,"column":71}},"24":{"start":{"line":99,"column":12},"end":{"line":99,"column":66}},"25":{"start":{"line":104,"column":8},"end":{"line":133,"column":9}},"26":{"start":{"line":105,"column":40},"end":{"line":125,"column":14}},"27":{"start":{"line":126,"column":44},"end":{"line":126,"column":63}},"28":{"start":{"line":127,"column":39},"end":{"line":127,"column":65}},"29":{"start":{"line":129,"column":12},"end":{"line":129,"column":38}},"30":{"start":{"line":131,"column":12},"end":{"line":131,"column":71}},"31":{"start":{"line":132,"column":12},"end":{"line":132,"column":66}},"32":{"start":{"line":137,"column":8},"end":{"line":155,"column":9}},"33":{"start":{"line":138,"column":35},"end":{"line":149,"column":14}},"34":{"start":{"line":150,"column":12},"end":{"line":150,"column":44}},"35":{"start":{"line":153,"column":12},"end":{"line":153,"column":71}},"36":{"start":{"line":154,"column":12},"end":{"line":154,"column":66}},"37":{"start":{"line":163,"column":0},"end":{"line":163,"column":32}}},"fnMap":{"0":{"name":"(anonymous_7)","decl":{"start":{"line":9,"column":4},"end":{"line":9,"column":16}},"loc":{"start":{"line":9,"column":42},"end":{"line":11,"column":5}}},"1":{"name":"(anonymous_8)","decl":{"start":{"line":13,"column":10},"end":{"line":13,"column":16}},"loc":{"start":{"line":13,"column":31},"end":{"line":27,"column":null}}},"2":{"name":"(anonymous_10)","decl":{"start":{"line":29,"column":10},"end":{"line":29,"column":23}},"loc":{"start":{"line":29,"column":34},"end":{"line":41,"column":null}}},"3":{"name":"(anonymous_12)","decl":{"start":{"line":43,"column":10},"end":{"line":43,"column":20}},"loc":{"start":{"line":43,"column":20},"end":{"line":69,"column":null}}},"4":{"name":"(anonymous_14)","decl":{"start":{"line":71,"column":10},"end":{"line":71,"column":28}},"loc":{"start":{"line":71,"column":51},"end":{"line":101,"column":null}}},"5":{"name":"(anonymous_16)","decl":{"start":{"line":103,"column":10},"end":{"line":103,"column":39}},"loc":{"start":{"line":103,"column":54},"end":{"line":134,"column":null}}},"6":{"name":"(anonymous_18)","decl":{"start":{"line":136,"column":10},"end":{"line":136,"column":22}},"loc":{"start":{"line":136,"column":49},"end":{"line":156,"column":null}}}},"branchMap":{},"s":{"0":3,"1":0,"2":0,"3":0,"4":0,"5":0,"6":3,"7":3,"8":3,"9":0,"10":0,"11":3,"12":3,"13":3,"14":3,"15":3,"16":0,"17":0,"18":3,"19":3,"20":3,"21":3,"22":3,"23":0,"24":0,"25":3,"26":3,"27":3,"28":3,"29":3,"30":0,"31":0,"32":3,"33":3,"34":3,"35":0,"36":0,"37":3},"f":{"0":3,"1":0,"2":3,"3":3,"4":3,"5":3,"6":3},"b":{}}
,"/Users/miltonjunior/Documents/GitHub/restaurante-34-pedidos/src/external/repositories/ProdutosDoPedidoRepository.ts": {"path":"/Users/miltonjunior/Documents/GitHub/restaurante-34-pedidos/src/external/repositories/ProdutosDoPedidoRepository.ts","statementMap":{"0":{"start":{"line":13,"column":8},"end":{"line":13,"column":41}},"1":{"start":{"line":17,"column":8},"end":{"line":33,"column":9}},"2":{"start":{"line":18,"column":29},"end":{"line":27,"column":14}},"3":{"start":{"line":20,"column":20},"end":{"line":25,"column":22}},"4":{"start":{"line":29,"column":12},"end":{"line":29,"column":28}},"5":{"start":{"line":31,"column":12},"end":{"line":31,"column":76}},"6":{"start":{"line":32,"column":12},"end":{"line":32,"column":71}},"7":{"start":{"line":37,"column":8},"end":{"line":50,"column":9}},"8":{"start":{"line":38,"column":29},"end":{"line":45,"column":14}},"9":{"start":{"line":38,"column":84},"end":{"line":45,"column":14}},"10":{"start":{"line":39,"column":16},"end":{"line":44,"column":19}},"11":{"start":{"line":46,"column":12},"end":{"line":46,"column":28}},"12":{"start":{"line":48,"column":12},"end":{"line":48,"column":74}},"13":{"start":{"line":49,"column":12},"end":{"line":49,"column":69}},"14":{"start":{"line":54,"column":8},"end":{"line":64,"column":9}},"15":{"start":{"line":55,"column":29},"end":{"line":59,"column":14}},"16":{"start":{"line":60,"column":12},"end":{"line":60,"column":28}},"17":{"start":{"line":62,"column":12},"end":{"line":62,"column":33}},"18":{"start":{"line":63,"column":12},"end":{"line":63,"column":24}},"19":{"start":{"line":68,"column":0},"end":{"line":68,"column":42}}},"fnMap":{"0":{"name":"(anonymous_7)","decl":{"start":{"line":12,"column":4},"end":{"line":12,"column":16}},"loc":{"start":{"line":12,"column":42},"end":{"line":14,"column":5}}},"1":{"name":"(anonymous_8)","decl":{"start":{"line":16,"column":10},"end":{"line":16,"column":16}},"loc":{"start":{"line":16,"column":53},"end":{"line":34,"column":null}}},"2":{"name":"(anonymous_10)","decl":{"start":{"line":19,"column":43},"end":{"line":19,"column":44}},"loc":{"start":{"line":19,"column":90},"end":{"line":26,"column":17}}},"3":{"name":"(anonymous_11)","decl":{"start":{"line":36,"column":10},"end":{"line":36,"column":16}},"loc":{"start":{"line":36,"column":53},"end":{"line":51,"column":null}}},"4":{"name":"(anonymous_13)","decl":{"start":{"line":38,"column":50},"end":{"line":38,"column":57}},"loc":{"start":{"line":38,"column":84},"end":{"line":45,"column":14}}},"5":{"name":"(anonymous_14)","decl":{"start":{"line":38,"column":84},"end":{"line":38,"column":null}},"loc":{"start":{"line":38,"column":80},"end":{"line":45,"column":13}}},"6":{"name":"(anonymous_15)","decl":{"start":{"line":53,"column":10},"end":{"line":53,"column":13}},"loc":{"start":{"line":53,"column":30},"end":{"line":65,"column":null}}}},"branchMap":{},"s":{"0":3,"1":0,"2":0,"3":0,"4":0,"5":0,"6":0,"7":4,"8":4,"9":4,"10":4,"11":3,"12":1,"13":1,"14":0,"15":0,"16":0,"17":0,"18":0,"19":3},"f":{"0":3,"1":0,"2":0,"3":4,"4":4,"5":4,"6":0},"b":{}}
,"/Users/miltonjunior/Documents/GitHub/restaurante-34-pedidos/src/gateways/pedido/index.ts": {"path":"/Users/miltonjunior/Documents/GitHub/restaurante-34-pedidos/src/gateways/pedido/index.ts","statementMap":{"0":{"start":{"line":9,"column":8},"end":{"line":9,"column":49}},"1":{"start":{"line":13,"column":8},"end":{"line":13,"column":52}},"2":{"start":{"line":17,"column":8},"end":{"line":17,"column":61}},"3":{"start":{"line":21,"column":8},"end":{"line":21,"column":50}},"4":{"start":{"line":25,"column":8},"end":{"line":25,"column":72}},"5":{"start":{"line":29,"column":8},"end":{"line":29,"column":81}},"6":{"start":{"line":33,"column":8},"end":{"line":42,"column":9}},"7":{"start":{"line":34,"column":35},"end":{"line":35,"column":null}},"8":{"start":{"line":37,"column":12},"end":{"line":37,"column":34}},"9":{"start":{"line":39,"column":12},"end":{"line":41,"column":14}},"10":{"start":{"line":5,"column":0},"end":{"line":5,"column":13}}},"fnMap":{"0":{"name":"(anonymous_7)","decl":{"start":{"line":8,"column":4},"end":{"line":8,"column":16}},"loc":{"start":{"line":8,"column":51},"end":{"line":10,"column":5}}},"1":{"name":"(anonymous_8)","decl":{"start":{"line":12,"column":10},"end":{"line":12,"column":22}},"loc":{"start":{"line":12,"column":37},"end":{"line":14,"column":null}}},"2":{"name":"(anonymous_10)","decl":{"start":{"line":16,"column":10},"end":{"line":16,"column":23}},"loc":{"start":{"line":16,"column":40},"end":{"line":18,"column":null}}},"3":{"name":"(anonymous_12)","decl":{"start":{"line":20,"column":10},"end":{"line":20,"column":20}},"loc":{"start":{"line":20,"column":20},"end":{"line":22,"column":null}}},"4":{"name":"(anonymous_14)","decl":{"start":{"line":24,"column":10},"end":{"line":24,"column":28}},"loc":{"start":{"line":24,"column":51},"end":{"line":26,"column":null}}},"5":{"name":"(anonymous_16)","decl":{"start":{"line":28,"column":10},"end":{"line":28,"column":39}},"loc":{"start":{"line":28,"column":60},"end":{"line":30,"column":null}}},"6":{"name":"(anonymous_18)","decl":{"start":{"line":32,"column":10},"end":{"line":32,"column":22}},"loc":{"start":{"line":32,"column":61},"end":{"line":43,"column":null}}}},"branchMap":{},"s":{"0":6,"1":1,"2":1,"3":1,"4":1,"5":1,"6":1,"7":1,"8":1,"9":0,"10":2},"f":{"0":6,"1":1,"2":1,"3":1,"4":1,"5":1,"6":1},"b":{}}
,"/Users/miltonjunior/Documents/GitHub/restaurante-34-pedidos/src/gateways/produtosDoPedido/index.ts": {"path":"/Users/miltonjunior/Documents/GitHub/restaurante-34-pedidos/src/gateways/produtosDoPedido/index.ts","statementMap":{"0":{"start":{"line":9,"column":8},"end":{"line":9,"column":67}},"1":{"start":{"line":12,"column":8},"end":{"line":19,"column":9}},"2":{"start":{"line":13,"column":33},"end":{"line":13,"column":67}},"3":{"start":{"line":14,"column":12},"end":{"line":14,"column":59}},"4":{"start":{"line":15,"column":12},"end":{"line":15,"column":61}},"5":{"start":{"line":17,"column":12},"end":{"line":17,"column":74}},"6":{"start":{"line":18,"column":12},"end":{"line":18,"column":69}},"7":{"start":{"line":22,"column":29},"end":{"line":22,"column":63}},"8":{"start":{"line":24,"column":8},"end":{"line":24,"column":55}},"9":{"start":{"line":28,"column":8},"end":{"line":28,"column":71}},"10":{"start":{"line":32,"column":8},"end":{"line":32,"column":71}},"11":{"start":{"line":36,"column":8},"end":{"line":36,"column":60}},"12":{"start":{"line":5,"column":0},"end":{"line":5,"column":13}}},"fnMap":{"0":{"name":"(anonymous_7)","decl":{"start":{"line":8,"column":4},"end":{"line":8,"column":16}},"loc":{"start":{"line":8,"column":70},"end":{"line":10,"column":5}}},"1":{"name":"(anonymous_8)","decl":{"start":{"line":11,"column":4},"end":{"line":11,"column":32}},"loc":{"start":{"line":11,"column":69},"end":{"line":20,"column":5}}},"2":{"name":"(anonymous_9)","decl":{"start":{"line":21,"column":4},"end":{"line":21,"column":25}},"loc":{"start":{"line":21,"column":62},"end":{"line":25,"column":5}}},"3":{"name":"(anonymous_10)","decl":{"start":{"line":27,"column":10},"end":{"line":27,"column":32}},"loc":{"start":{"line":27,"column":69},"end":{"line":29,"column":null}}},"4":{"name":"(anonymous_12)","decl":{"start":{"line":31,"column":10},"end":{"line":31,"column":32}},"loc":{"start":{"line":31,"column":69},"end":{"line":33,"column":null}}},"5":{"name":"(anonymous_14)","decl":{"start":{"line":35,"column":10},"end":{"line":35,"column":29}},"loc":{"start":{"line":35,"column":46},"end":{"line":37,"column":null}}}},"branchMap":{},"s":{"0":2,"1":0,"2":0,"3":0,"4":0,"5":0,"6":0,"7":1,"8":1,"9":1,"10":1,"11":1,"12":2},"f":{"0":2,"1":0,"2":1,"3":1,"4":1,"5":1},"b":{}}
,"/Users/miltonjunior/Documents/GitHub/restaurante-34-pedidos/src/usecases/pedido/PedidoUseCase.ts": {"path":"/Users/miltonjunior/Documents/GitHub/restaurante-34-pedidos/src/usecases/pedido/PedidoUseCase.ts","statementMap":{"0":{"start":{"line":5,"column":0},"end":{"line":5,"column":60}},"1":{"start":{"line":15,"column":8},"end":{"line":15,"column":63}},"2":{"start":{"line":16,"column":8},"end":{"line":16,"column":43}},"3":{"start":{"line":19,"column":8},"end":{"line":31,"column":9}},"4":{"start":{"line":21,"column":32},"end":{"line":21,"column":78}},"5":{"start":{"line":24,"column":12},"end":{"line":24,"column":83}},"6":{"start":{"line":27,"column":12},"end":{"line":27,"column":60}},"7":{"start":{"line":29,"column":12},"end":{"line":29,"column":69}},"8":{"start":{"line":30,"column":12},"end":{"line":30,"column":64}},"9":{"start":{"line":36,"column":8},"end":{"line":36,"column":65}},"10":{"start":{"line":37,"column":37},"end":{"line":37,"column":86}},"11":{"start":{"line":38,"column":8},"end":{"line":38,"column":28}},"12":{"start":{"line":42,"column":8},"end":{"line":42,"column":58}},"13":{"start":{"line":46,"column":24},"end":{"line":46,"column":61}},"14":{"start":{"line":47,"column":43},"end":{"line":47,"column":69}},"15":{"start":{"line":48,"column":8},"end":{"line":48,"column":32}},"16":{"start":{"line":52,"column":8},"end":{"line":52,"column":69}},"17":{"start":{"line":56,"column":8},"end":{"line":56,"column":72}},"18":{"start":{"line":60,"column":8},"end":{"line":60,"column":85}},"19":{"start":{"line":64,"column":8},"end":{"line":64,"column":null}},"20":{"start":{"line":69,"column":8},"end":{"line":79,"column":9}},"21":{"start":{"line":70,"column":29},"end":{"line":72,"column":null}},"22":{"start":{"line":75,"column":12},"end":{"line":75,"column":28}},"23":{"start":{"line":77,"column":12},"end":{"line":77,"column":78}},"24":{"start":{"line":78,"column":12},"end":{"line":78,"column":82}},"25":{"start":{"line":83,"column":8},"end":{"line":92,"column":9}},"26":{"start":{"line":84,"column":29},"end":{"line":86,"column":null}},"27":{"start":{"line":89,"column":12},"end":{"line":89,"column":28}},"28":{"start":{"line":91,"column":12},"end":{"line":91,"column":24}},"29":{"start":{"line":99,"column":8},"end":{"line":108,"column":9}},"30":{"start":{"line":100,"column":29},"end":{"line":102,"column":null}},"31":{"start":{"line":105,"column":12},"end":{"line":105,"column":28}},"32":{"start":{"line":107,"column":12},"end":{"line":107,"column":24}},"33":{"start":{"line":116,"column":8},"end":{"line":122,"column":9}},"34":{"start":{"line":117,"column":37},"end":{"line":117,"column":101}},"35":{"start":{"line":118,"column":12},"end":{"line":118,"column":36}},"36":{"start":{"line":120,"column":12},"end":{"line":120,"column":33}},"37":{"start":{"line":121,"column":12},"end":{"line":121,"column":77}},"38":{"start":{"line":126,"column":36},"end":{"line":126,"column":123}},"39":{"start":{"line":126,"column":63},"end":{"line":126,"column":122}},"40":{"start":{"line":127,"column":30},"end":{"line":127,"column":110}},"41":{"start":{"line":127,"column":57},"end":{"line":127,"column":109}},"42":{"start":{"line":128,"column":32},"end":{"line":128,"column":114}},"43":{"start":{"line":128,"column":59},"end":{"line":128,"column":113}},"44":{"start":{"line":130,"column":8},"end":{"line":130,"column":78}},"45":{"start":{"line":134,"column":0},"end":{"line":134,"column":29}}},"fnMap":{"0":{"name":"(anonymous_7)","decl":{"start":{"line":11,"column":4},"end":{"line":11,"column":null}},"loc":{"start":{"line":13,"column":37},"end":{"line":17,"column":5}}},"1":{"name":"(anonymous_8)","decl":{"start":{"line":18,"column":10},"end":{"line":18,"column":23}},"loc":{"start":{"line":18,"column":40},"end":{"line":32,"column":null}}},"2":{"name":"(anonymous_10)","decl":{"start":{"line":35,"column":10},"end":{"line":35,"column":25}},"loc":{"start":{"line":35,"column":44},"end":{"line":39,"column":null}}},"3":{"name":"(anonymous_12)","decl":{"start":{"line":41,"column":10},"end":{"line":41,"column":30}},"loc":{"start":{"line":41,"column":47},"end":{"line":43,"column":null}}},"4":{"name":"(anonymous_14)","decl":{"start":{"line":45,"column":10},"end":{"line":45,"column":27}},"loc":{"start":{"line":45,"column":27},"end":{"line":49,"column":null}}},"5":{"name":"(anonymous_16)","decl":{"start":{"line":51,"column":10},"end":{"line":51,"column":35}},"loc":{"start":{"line":51,"column":58},"end":{"line":53,"column":null}}},"6":{"name":"(anonymous_18)","decl":{"start":{"line":55,"column":10},"end":{"line":55,"column":38}},"loc":{"start":{"line":55,"column":53},"end":{"line":57,"column":null}}},"7":{"name":"(anonymous_20)","decl":{"start":{"line":59,"column":10},"end":{"line":59,"column":36}},"loc":{"start":{"line":59,"column":73},"end":{"line":61,"column":null}}},"8":{"name":"(anonymous_22)","decl":{"start":{"line":63,"column":10},"end":{"line":63,"column":38}},"loc":{"start":{"line":63,"column":75},"end":{"line":65,"column":null}}},"9":{"name":"(anonymous_24)","decl":{"start":{"line":68,"column":10},"end":{"line":68,"column":39}},"loc":{"start":{"line":68,"column":56},"end":{"line":80,"column":null}}},"10":{"name":"(anonymous_26)","decl":{"start":{"line":82,"column":10},"end":{"line":82,"column":39}},"loc":{"start":{"line":82,"column":56},"end":{"line":93,"column":null}}},"11":{"name":"(anonymous_28)","decl":{"start":{"line":98,"column":10},"end":{"line":98,"column":35}},"loc":{"start":{"line":98,"column":52},"end":{"line":109,"column":null}}},"12":{"name":"(anonymous_30)","decl":{"start":{"line":115,"column":10},"end":{"line":115,"column":35}},"loc":{"start":{"line":115,"column":52},"end":{"line":123,"column":null}}},"13":{"name":"(anonymous_32)","decl":{"start":{"line":125,"column":12},"end":{"line":125,"column":24}},"loc":{"start":{"line":125,"column":42},"end":{"line":131,"column":5}}},"14":{"name":"(anonymous_33)","decl":{"start":{"line":126,"column":51},"end":{"line":126,"column":52}},"loc":{"start":{"line":126,"column":63},"end":{"line":126,"column":122}}},"15":{"name":"(anonymous_34)","decl":{"start":{"line":127,"column":45},"end":{"line":127,"column":46}},"loc":{"start":{"line":127,"column":57},"end":{"line":127,"column":109}}},"16":{"name":"(anonymous_35)","decl":{"start":{"line":128,"column":47},"end":{"line":128,"column":48}},"loc":{"start":{"line":128,"column":59},"end":{"line":128,"column":113}}}},"branchMap":{},"s":{"0":1,"1":1,"2":1,"3":1,"4":1,"5":1,"6":1,"7":0,"8":0,"9":1,"10":1,"11":1,"12":1,"13":1,"14":1,"15":1,"16":1,"17":1,"18":1,"19":1,"20":1,"21":1,"22":1,"23":0,"24":0,"25":0,"26":0,"27":0,"28":0,"29":0,"30":0,"31":0,"32":0,"33":1,"34":1,"35":1,"36":0,"37":0,"38":1,"39":507,"40":1,"41":507,"42":1,"43":507,"44":1,"45":1},"f":{"0":1,"1":1,"2":1,"3":1,"4":1,"5":1,"6":1,"7":1,"8":1,"9":1,"10":0,"11":0,"12":1,"13":1,"14":507,"15":507,"16":507},"b":{}}
}
