{"/Users/miltonjunior/Documents/GitHub/restaurante-34-pedidos/src/__tests/mocks/MockPedidoGateway.ts": {"path":"/Users/miltonjunior/Documents/GitHub/restaurante-34-pedidos/src/__tests/mocks/MockPedidoGateway.ts","statementMap":{"0":{"start":{"line":1,"column":0},"end":{"line":1,"column":50}},"1":{"start":{"line":3,"column":0},"end":{"line":3,"column":58}},"2":{"start":{"line":5,"column":42},"end":{"line":5,"column":81}},"3":{"start":{"line":7,"column":0},"end":{"line":10,"column":7}},"4":{"start":{"line":8,"column":51},"end":{"line":10,"column":6}},"5":{"start":{"line":9,"column":8},"end":{"line":9,"column":60}},"6":{"start":{"line":12,"column":0},"end":{"line":12,"column":33}}},"fnMap":{"0":{"name":"(anonymous_8)","decl":{"start":{"line":8,"column":24},"end":{"line":8,"column":31}},"loc":{"start":{"line":8,"column":51},"end":{"line":10,"column":6}}},"1":{"name":"(anonymous_9)","decl":{"start":{"line":8,"column":51},"end":{"line":8,"column":null}},"loc":{"start":{"line":8,"column":51},"end":{"line":10,"column":5}}}},"branchMap":{},"s":{"0":1,"1":1,"2":1,"3":1,"4":1,"5":1,"6":1},"f":{"0":1,"1":1},"b":{}}
,"/Users/miltonjunior/Documents/GitHub/restaurante-34-pedidos/src/__tests/mocks/MockPedidoRepository.ts": {"path":"/Users/miltonjunior/Documents/GitHub/restaurante-34-pedidos/src/__tests/mocks/MockPedidoRepository.ts","statementMap":{"0":{"start":{"line":2,"column":0},"end":{"line":2,"column":39}},"1":{"start":{"line":3,"column":0},"end":{"line":3,"column":72}},"2":{"start":{"line":6,"column":48},"end":{"line":6,"column":76}},"3":{"start":{"line":8,"column":0},"end":{"line":16,"column":7}},"4":{"start":{"line":9,"column":49},"end":{"line":16,"column":6}},"5":{"start":{"line":10,"column":8},"end":{"line":15,"column":21}},"6":{"start":{"line":18,"column":0},"end":{"line":25,"column":7}},"7":{"start":{"line":19,"column":45},"end":{"line":25,"column":6}},"8":{"start":{"line":20,"column":8},"end":{"line":24,"column":21}},"9":{"start":{"line":27,"column":0},"end":{"line":27,"column":36}}},"fnMap":{"0":{"name":"(anonymous_8)","decl":{"start":{"line":9,"column":24},"end":{"line":9,"column":31}},"loc":{"start":{"line":9,"column":49},"end":{"line":16,"column":6}}},"1":{"name":"(anonymous_9)","decl":{"start":{"line":9,"column":49},"end":{"line":9,"column":null}},"loc":{"start":{"line":9,"column":49},"end":{"line":16,"column":5}}},"2":{"name":"(anonymous_10)","decl":{"start":{"line":19,"column":24},"end":{"line":19,"column":31}},"loc":{"start":{"line":19,"column":45},"end":{"line":25,"column":6}}},"3":{"name":"(anonymous_11)","decl":{"start":{"line":19,"column":45},"end":{"line":19,"column":null}},"loc":{"start":{"line":19,"column":45},"end":{"line":25,"column":5}}}},"branchMap":{},"s":{"0":3,"1":3,"2":3,"3":3,"4":1,"5":1,"6":3,"7":3,"8":3,"9":3},"f":{"0":1,"1":1,"2":3,"3":3},"b":{}}
,"/Users/miltonjunior/Documents/GitHub/restaurante-34-pedidos/src/__tests/mocks/MockProdutoDoPedidoGateway.ts": {"path":"/Users/miltonjunior/Documents/GitHub/restaurante-34-pedidos/src/__tests/mocks/MockProdutoDoPedidoGateway.ts","statementMap":{"0":{"start":{"line":1,"column":0},"end":{"line":1,"column":69}},"1":{"start":{"line":4,"column":0},"end":{"line":4,"column":77}},"2":{"start":{"line":6,"column":60},"end":{"line":6,"column":118}},"3":{"start":{"line":8,"column":0},"end":{"line":11,"column":7}},"4":{"start":{"line":9,"column":51},"end":{"line":11,"column":6}},"5":{"start":{"line":10,"column":8},"end":{"line":10,"column":60}},"6":{"start":{"line":13,"column":0},"end":{"line":13,"column":42}}},"fnMap":{"0":{"name":"(anonymous_8)","decl":{"start":{"line":9,"column":24},"end":{"line":9,"column":31}},"loc":{"start":{"line":9,"column":51},"end":{"line":11,"column":6}}},"1":{"name":"(anonymous_9)","decl":{"start":{"line":9,"column":51},"end":{"line":9,"column":null}},"loc":{"start":{"line":9,"column":51},"end":{"line":11,"column":5}}}},"branchMap":{},"s":{"0":1,"1":1,"2":1,"3":1,"4":0,"5":0,"6":1},"f":{"0":0,"1":0},"b":{}}
,"/Users/miltonjunior/Documents/GitHub/restaurante-34-pedidos/src/__tests/mocks/MockProdutoDoPedidoRepository.ts": {"path":"/Users/miltonjunior/Documents/GitHub/restaurante-34-pedidos/src/__tests/mocks/MockProdutoDoPedidoRepository.ts","statementMap":{"0":{"start":{"line":3,"column":0},"end":{"line":3,"column":39}},"1":{"start":{"line":4,"column":0},"end":{"line":4,"column":92}},"2":{"start":{"line":7,"column":68},"end":{"line":7,"column":106}},"3":{"start":{"line":9,"column":0},"end":{"line":26,"column":7}},"4":{"start":{"line":10,"column":71},"end":{"line":26,"column":6}},"5":{"start":{"line":12,"column":37},"end":{"line":17,"column":11}},"6":{"start":{"line":12,"column":78},"end":{"line":17,"column":10}},"7":{"start":{"line":20,"column":40},"end":{"line":22,"column":10}},"8":{"start":{"line":25,"column":8},"end":{"line":25,"column":39}},"9":{"start":{"line":29,"column":0},"end":{"line":36,"column":7}},"10":{"start":{"line":30,"column":51},"end":{"line":36,"column":6}},"11":{"start":{"line":31,"column":8},"end":{"line":35,"column":11}},"12":{"start":{"line":39,"column":0},"end":{"line":39,"column":46}}},"fnMap":{"0":{"name":"(anonymous_8)","decl":{"start":{"line":10,"column":24},"end":{"line":10,"column":31}},"loc":{"start":{"line":10,"column":71},"end":{"line":26,"column":6}}},"1":{"name":"(anonymous_9)","decl":{"start":{"line":10,"column":71},"end":{"line":10,"column":null}},"loc":{"start":{"line":10,"column":71},"end":{"line":26,"column":5}}},"2":{"name":"(anonymous_10)","decl":{"start":{"line":12,"column":58},"end":{"line":12,"column":73}},"loc":{"start":{"line":12,"column":78},"end":{"line":17,"column":10}}},"3":{"name":"(anonymous_11)","decl":{"start":{"line":30,"column":24},"end":{"line":30,"column":31}},"loc":{"start":{"line":30,"column":51},"end":{"line":36,"column":6}}},"4":{"name":"(anonymous_12)","decl":{"start":{"line":30,"column":51},"end":{"line":30,"column":null}},"loc":{"start":{"line":30,"column":51},"end":{"line":36,"column":5}}}},"branchMap":{},"s":{"0":1,"1":1,"2":1,"3":1,"4":0,"5":0,"6":0,"7":0,"8":0,"9":1,"10":0,"11":0,"12":1},"f":{"0":0,"1":0,"2":0,"3":0,"4":0},"b":{}}
,"/Users/miltonjunior/Documents/GitHub/restaurante-34-pedidos/src/enums/EnumStatusPedido.ts": {"path":"/Users/miltonjunior/Documents/GitHub/restaurante-34-pedidos/src/enums/EnumStatusPedido.ts","statementMap":{"0":{"start":{"line":1,"column":49},"end":{"line":6,"column":2}},"1":{"start":{"line":17,"column":9},"end":{"line":17,"column":25}},"2":{"start":{"line":9,"column":4},"end":{"line":13,"column":5}},"3":{"start":{"line":10,"column":8},"end":{"line":12,"column":9}},"4":{"start":{"line":11,"column":12},"end":{"line":11,"column":54}},"5":{"start":{"line":14,"column":4},"end":{"line":14,"column":21}},"6":{"start":{"line":17,"column":27},"end":{"line":17,"column":51}}},"fnMap":{"0":{"name":"getDescricaoStatusPedido","decl":{"start":{"line":8,"column":9},"end":{"line":8,"column":33}},"loc":{"start":{"line":8,"column":48},"end":{"line":15,"column":1}}}},"branchMap":{"0":{"loc":{"start":{"line":10,"column":8},"end":{"line":12,"column":9}},"type":"if","locations":[{"start":{"line":10,"column":8},"end":{"line":12,"column":9}}]}},"s":{"0":1,"1":1,"2":0,"3":0,"4":0,"5":0,"6":1},"f":{"0":0},"b":{"0":[0]}}
,"/Users/miltonjunior/Documents/GitHub/restaurante-34-pedidos/src/external/repositories/PedidoRepository.ts": {"path":"/Users/miltonjunior/Documents/GitHub/restaurante-34-pedidos/src/external/repositories/PedidoRepository.ts","statementMap":{"0":{"start":{"line":10,"column":8},"end":{"line":10,"column":41}},"1":{"start":{"line":14,"column":8},"end":{"line":26,"column":9}},"2":{"start":{"line":15,"column":37},"end":{"line":20,"column":14}},"3":{"start":{"line":22,"column":12},"end":{"line":22,"column":46}},"4":{"start":{"line":24,"column":12},"end":{"line":24,"column":58}},"5":{"start":{"line":25,"column":12},"end":{"line":25,"column":53}},"6":{"start":{"line":30,"column":8},"end":{"line":40,"column":9}},"7":{"start":{"line":31,"column":27},"end":{"line":35,"column":14}},"8":{"start":{"line":36,"column":12},"end":{"line":36,"column":36}},"9":{"start":{"line":38,"column":12},"end":{"line":38,"column":59}},"10":{"start":{"line":39,"column":12},"end":{"line":39,"column":54}},"11":{"start":{"line":44,"column":8},"end":{"line":68,"column":9}},"12":{"start":{"line":45,"column":40},"end":{"line":59,"column":14}},"13":{"start":{"line":61,"column":44},"end":{"line":61,"column":63}},"14":{"start":{"line":62,"column":39},"end":{"line":62,"column":65}},"15":{"start":{"line":64,"column":12},"end":{"line":64,"column":38}},"16":{"start":{"line":66,"column":12},"end":{"line":66,"column":60}},"17":{"start":{"line":67,"column":12},"end":{"line":67,"column":55}},"18":{"start":{"line":72,"column":8},"end":{"line":100,"column":9}},"19":{"start":{"line":73,"column":40},"end":{"line":91,"column":14}},"20":{"start":{"line":93,"column":44},"end":{"line":93,"column":63}},"21":{"start":{"line":94,"column":39},"end":{"line":94,"column":65}},"22":{"start":{"line":96,"column":12},"end":{"line":96,"column":38}},"23":{"start":{"line":98,"column":12},"end":{"line":98,"column":71}},"24":{"start":{"line":99,"column":12},"end":{"line":99,"column":66}},"25":{"start":{"line":104,"column":8},"end":{"line":133,"column":9}},"26":{"start":{"line":105,"column":40},"end":{"line":125,"column":14}},"27":{"start":{"line":126,"column":44},"end":{"line":126,"column":63}},"28":{"start":{"line":127,"column":39},"end":{"line":127,"column":65}},"29":{"start":{"line":129,"column":12},"end":{"line":129,"column":38}},"30":{"start":{"line":131,"column":12},"end":{"line":131,"column":71}},"31":{"start":{"line":132,"column":12},"end":{"line":132,"column":66}},"32":{"start":{"line":137,"column":8},"end":{"line":155,"column":9}},"33":{"start":{"line":138,"column":35},"end":{"line":149,"column":14}},"34":{"start":{"line":150,"column":12},"end":{"line":150,"column":44}},"35":{"start":{"line":153,"column":12},"end":{"line":153,"column":71}},"36":{"start":{"line":154,"column":12},"end":{"line":154,"column":66}},"37":{"start":{"line":163,"column":0},"end":{"line":163,"column":32}}},"fnMap":{"0":{"name":"(anonymous_7)","decl":{"start":{"line":9,"column":4},"end":{"line":9,"column":16}},"loc":{"start":{"line":9,"column":42},"end":{"line":11,"column":5}}},"1":{"name":"(anonymous_8)","decl":{"start":{"line":13,"column":10},"end":{"line":13,"column":16}},"loc":{"start":{"line":13,"column":31},"end":{"line":27,"column":null}}},"2":{"name":"(anonymous_10)","decl":{"start":{"line":29,"column":10},"end":{"line":29,"column":23}},"loc":{"start":{"line":29,"column":34},"end":{"line":41,"column":null}}},"3":{"name":"(anonymous_12)","decl":{"start":{"line":43,"column":10},"end":{"line":43,"column":20}},"loc":{"start":{"line":43,"column":20},"end":{"line":69,"column":null}}},"4":{"name":"(anonymous_14)","decl":{"start":{"line":71,"column":10},"end":{"line":71,"column":28}},"loc":{"start":{"line":71,"column":51},"end":{"line":101,"column":null}}},"5":{"name":"(anonymous_16)","decl":{"start":{"line":103,"column":10},"end":{"line":103,"column":39}},"loc":{"start":{"line":103,"column":54},"end":{"line":134,"column":null}}},"6":{"name":"(anonymous_18)","decl":{"start":{"line":136,"column":10},"end":{"line":136,"column":22}},"loc":{"start":{"line":136,"column":49},"end":{"line":156,"column":null}}}},"branchMap":{},"s":{"0":3,"1":0,"2":0,"3":0,"4":0,"5":0,"6":0,"7":0,"8":0,"9":0,"10":0,"11":1,"12":1,"13":1,"14":1,"15":1,"16":0,"17":0,"18":1,"19":1,"20":1,"21":1,"22":1,"23":0,"24":0,"25":1,"26":1,"27":1,"28":1,"29":1,"30":0,"31":0,"32":0,"33":0,"34":0,"35":0,"36":0,"37":3},"f":{"0":3,"1":0,"2":0,"3":1,"4":1,"5":1,"6":0},"b":{}}
,"/Users/miltonjunior/Documents/GitHub/restaurante-34-pedidos/src/external/repositories/ProdutosDoPedidoRepository.ts": {"path":"/Users/miltonjunior/Documents/GitHub/restaurante-34-pedidos/src/external/repositories/ProdutosDoPedidoRepository.ts","statementMap":{"0":{"start":{"line":13,"column":8},"end":{"line":13,"column":41}},"1":{"start":{"line":17,"column":8},"end":{"line":33,"column":9}},"2":{"start":{"line":18,"column":29},"end":{"line":27,"column":14}},"3":{"start":{"line":20,"column":20},"end":{"line":25,"column":22}},"4":{"start":{"line":29,"column":12},"end":{"line":29,"column":28}},"5":{"start":{"line":31,"column":12},"end":{"line":31,"column":76}},"6":{"start":{"line":32,"column":12},"end":{"line":32,"column":71}},"7":{"start":{"line":37,"column":8},"end":{"line":50,"column":9}},"8":{"start":{"line":38,"column":29},"end":{"line":45,"column":14}},"9":{"start":{"line":38,"column":84},"end":{"line":45,"column":14}},"10":{"start":{"line":39,"column":16},"end":{"line":44,"column":19}},"11":{"start":{"line":46,"column":12},"end":{"line":46,"column":28}},"12":{"start":{"line":48,"column":12},"end":{"line":48,"column":74}},"13":{"start":{"line":49,"column":12},"end":{"line":49,"column":69}},"14":{"start":{"line":54,"column":8},"end":{"line":64,"column":9}},"15":{"start":{"line":55,"column":29},"end":{"line":59,"column":14}},"16":{"start":{"line":60,"column":12},"end":{"line":60,"column":28}},"17":{"start":{"line":62,"column":12},"end":{"line":62,"column":33}},"18":{"start":{"line":63,"column":12},"end":{"line":63,"column":24}},"19":{"start":{"line":68,"column":0},"end":{"line":68,"column":42}}},"fnMap":{"0":{"name":"(anonymous_7)","decl":{"start":{"line":12,"column":4},"end":{"line":12,"column":16}},"loc":{"start":{"line":12,"column":42},"end":{"line":14,"column":5}}},"1":{"name":"(anonymous_8)","decl":{"start":{"line":16,"column":10},"end":{"line":16,"column":16}},"loc":{"start":{"line":16,"column":53},"end":{"line":34,"column":null}}},"2":{"name":"(anonymous_10)","decl":{"start":{"line":19,"column":43},"end":{"line":19,"column":44}},"loc":{"start":{"line":19,"column":90},"end":{"line":26,"column":17}}},"3":{"name":"(anonymous_11)","decl":{"start":{"line":36,"column":10},"end":{"line":36,"column":16}},"loc":{"start":{"line":36,"column":53},"end":{"line":51,"column":null}}},"4":{"name":"(anonymous_13)","decl":{"start":{"line":38,"column":50},"end":{"line":38,"column":57}},"loc":{"start":{"line":38,"column":84},"end":{"line":45,"column":14}}},"5":{"name":"(anonymous_14)","decl":{"start":{"line":38,"column":84},"end":{"line":38,"column":null}},"loc":{"start":{"line":38,"column":80},"end":{"line":45,"column":13}}},"6":{"name":"(anonymous_15)","decl":{"start":{"line":53,"column":10},"end":{"line":53,"column":13}},"loc":{"start":{"line":53,"column":30},"end":{"line":65,"column":null}}}},"branchMap":{},"s":{"0":1,"1":0,"2":0,"3":0,"4":0,"5":0,"6":0,"7":0,"8":0,"9":0,"10":0,"11":0,"12":0,"13":0,"14":0,"15":0,"16":0,"17":0,"18":0,"19":1},"f":{"0":1,"1":0,"2":0,"3":0,"4":0,"5":0,"6":0},"b":{}}
,"/Users/miltonjunior/Documents/GitHub/restaurante-34-pedidos/src/gateways/pedido/index.ts": {"path":"/Users/miltonjunior/Documents/GitHub/restaurante-34-pedidos/src/gateways/pedido/index.ts","statementMap":{"0":{"start":{"line":9,"column":8},"end":{"line":9,"column":49}},"1":{"start":{"line":13,"column":8},"end":{"line":13,"column":52}},"2":{"start":{"line":17,"column":8},"end":{"line":17,"column":61}},"3":{"start":{"line":21,"column":8},"end":{"line":21,"column":50}},"4":{"start":{"line":25,"column":8},"end":{"line":25,"column":72}},"5":{"start":{"line":29,"column":8},"end":{"line":29,"column":81}},"6":{"start":{"line":33,"column":8},"end":{"line":42,"column":9}},"7":{"start":{"line":34,"column":35},"end":{"line":35,"column":null}},"8":{"start":{"line":37,"column":12},"end":{"line":37,"column":34}},"9":{"start":{"line":39,"column":12},"end":{"line":41,"column":14}},"10":{"start":{"line":5,"column":0},"end":{"line":5,"column":13}}},"fnMap":{"0":{"name":"(anonymous_7)","decl":{"start":{"line":8,"column":4},"end":{"line":8,"column":16}},"loc":{"start":{"line":8,"column":51},"end":{"line":10,"column":5}}},"1":{"name":"(anonymous_8)","decl":{"start":{"line":12,"column":10},"end":{"line":12,"column":22}},"loc":{"start":{"line":12,"column":37},"end":{"line":14,"column":null}}},"2":{"name":"(anonymous_10)","decl":{"start":{"line":16,"column":10},"end":{"line":16,"column":23}},"loc":{"start":{"line":16,"column":40},"end":{"line":18,"column":null}}},"3":{"name":"(anonymous_12)","decl":{"start":{"line":20,"column":10},"end":{"line":20,"column":20}},"loc":{"start":{"line":20,"column":20},"end":{"line":22,"column":null}}},"4":{"name":"(anonymous_14)","decl":{"start":{"line":24,"column":10},"end":{"line":24,"column":28}},"loc":{"start":{"line":24,"column":51},"end":{"line":26,"column":null}}},"5":{"name":"(anonymous_16)","decl":{"start":{"line":28,"column":10},"end":{"line":28,"column":39}},"loc":{"start":{"line":28,"column":60},"end":{"line":30,"column":null}}},"6":{"name":"(anonymous_18)","decl":{"start":{"line":32,"column":10},"end":{"line":32,"column":22}},"loc":{"start":{"line":32,"column":61},"end":{"line":43,"column":null}}}},"branchMap":{},"s":{"0":6,"1":1,"2":1,"3":1,"4":1,"5":1,"6":0,"7":0,"8":0,"9":0,"10":2},"f":{"0":6,"1":1,"2":1,"3":1,"4":1,"5":1,"6":0},"b":{}}
,"/Users/miltonjunior/Documents/GitHub/restaurante-34-pedidos/src/gateways/produtosDoPedido/index.ts": {"path":"/Users/miltonjunior/Documents/GitHub/restaurante-34-pedidos/src/gateways/produtosDoPedido/index.ts","statementMap":{"0":{"start":{"line":9,"column":8},"end":{"line":9,"column":67}},"1":{"start":{"line":13,"column":8},"end":{"line":13,"column":71}},"2":{"start":{"line":17,"column":8},"end":{"line":17,"column":71}},"3":{"start":{"line":21,"column":8},"end":{"line":21,"column":60}},"4":{"start":{"line":5,"column":0},"end":{"line":5,"column":13}}},"fnMap":{"0":{"name":"(anonymous_7)","decl":{"start":{"line":8,"column":4},"end":{"line":8,"column":16}},"loc":{"start":{"line":8,"column":70},"end":{"line":10,"column":5}}},"1":{"name":"(anonymous_8)","decl":{"start":{"line":12,"column":10},"end":{"line":12,"column":32}},"loc":{"start":{"line":12,"column":69},"end":{"line":14,"column":null}}},"2":{"name":"(anonymous_10)","decl":{"start":{"line":16,"column":10},"end":{"line":16,"column":32}},"loc":{"start":{"line":16,"column":69},"end":{"line":18,"column":null}}},"3":{"name":"(anonymous_12)","decl":{"start":{"line":20,"column":10},"end":{"line":20,"column":29}},"loc":{"start":{"line":20,"column":46},"end":{"line":22,"column":null}}}},"branchMap":{},"s":{"0":1,"1":0,"2":0,"3":0,"4":1},"f":{"0":1,"1":0,"2":0,"3":0},"b":{}}
,"/Users/miltonjunior/Documents/GitHub/restaurante-34-pedidos/src/usecases/pedido/PedidoUseCase.ts": {"path":"/Users/miltonjunior/Documents/GitHub/restaurante-34-pedidos/src/usecases/pedido/PedidoUseCase.ts","statementMap":{"0":{"start":{"line":5,"column":0},"end":{"line":5,"column":60}},"1":{"start":{"line":15,"column":8},"end":{"line":15,"column":63}},"2":{"start":{"line":16,"column":8},"end":{"line":16,"column":43}},"3":{"start":{"line":20,"column":8},"end":{"line":20,"column":65}},"4":{"start":{"line":21,"column":37},"end":{"line":21,"column":86}},"5":{"start":{"line":22,"column":8},"end":{"line":22,"column":28}},"6":{"start":{"line":26,"column":8},"end":{"line":26,"column":58}},"7":{"start":{"line":30,"column":24},"end":{"line":30,"column":61}},"8":{"start":{"line":31,"column":43},"end":{"line":31,"column":69}},"9":{"start":{"line":32,"column":8},"end":{"line":32,"column":32}},"10":{"start":{"line":36,"column":8},"end":{"line":36,"column":69}},"11":{"start":{"line":40,"column":8},"end":{"line":40,"column":72}},"12":{"start":{"line":44,"column":8},"end":{"line":44,"column":85}},"13":{"start":{"line":48,"column":8},"end":{"line":48,"column":80}},"14":{"start":{"line":52,"column":8},"end":{"line":52,"column":65}},"15":{"start":{"line":56,"column":8},"end":{"line":65,"column":9}},"16":{"start":{"line":57,"column":29},"end":{"line":59,"column":null}},"17":{"start":{"line":62,"column":12},"end":{"line":62,"column":28}},"18":{"start":{"line":64,"column":12},"end":{"line":64,"column":24}},"19":{"start":{"line":69,"column":8},"end":{"line":78,"column":9}},"20":{"start":{"line":70,"column":29},"end":{"line":72,"column":null}},"21":{"start":{"line":75,"column":12},"end":{"line":75,"column":28}},"22":{"start":{"line":77,"column":12},"end":{"line":77,"column":24}},"23":{"start":{"line":85,"column":8},"end":{"line":94,"column":9}},"24":{"start":{"line":86,"column":29},"end":{"line":88,"column":null}},"25":{"start":{"line":91,"column":12},"end":{"line":91,"column":28}},"26":{"start":{"line":93,"column":12},"end":{"line":93,"column":24}},"27":{"start":{"line":102,"column":8},"end":{"line":108,"column":9}},"28":{"start":{"line":103,"column":37},"end":{"line":103,"column":101}},"29":{"start":{"line":104,"column":12},"end":{"line":104,"column":36}},"30":{"start":{"line":106,"column":12},"end":{"line":106,"column":33}},"31":{"start":{"line":107,"column":12},"end":{"line":107,"column":77}},"32":{"start":{"line":112,"column":36},"end":{"line":112,"column":123}},"33":{"start":{"line":112,"column":63},"end":{"line":112,"column":122}},"34":{"start":{"line":113,"column":30},"end":{"line":113,"column":110}},"35":{"start":{"line":113,"column":57},"end":{"line":113,"column":109}},"36":{"start":{"line":114,"column":32},"end":{"line":114,"column":114}},"37":{"start":{"line":114,"column":59},"end":{"line":114,"column":113}},"38":{"start":{"line":116,"column":8},"end":{"line":116,"column":78}},"39":{"start":{"line":120,"column":0},"end":{"line":120,"column":29}}},"fnMap":{"0":{"name":"(anonymous_7)","decl":{"start":{"line":11,"column":4},"end":{"line":11,"column":null}},"loc":{"start":{"line":13,"column":37},"end":{"line":17,"column":5}}},"1":{"name":"(anonymous_8)","decl":{"start":{"line":19,"column":10},"end":{"line":19,"column":25}},"loc":{"start":{"line":19,"column":44},"end":{"line":23,"column":null}}},"2":{"name":"(anonymous_10)","decl":{"start":{"line":25,"column":10},"end":{"line":25,"column":30}},"loc":{"start":{"line":25,"column":47},"end":{"line":27,"column":null}}},"3":{"name":"(anonymous_12)","decl":{"start":{"line":29,"column":10},"end":{"line":29,"column":27}},"loc":{"start":{"line":29,"column":27},"end":{"line":33,"column":null}}},"4":{"name":"(anonymous_14)","decl":{"start":{"line":35,"column":10},"end":{"line":35,"column":35}},"loc":{"start":{"line":35,"column":58},"end":{"line":37,"column":null}}},"5":{"name":"(anonymous_16)","decl":{"start":{"line":39,"column":10},"end":{"line":39,"column":38}},"loc":{"start":{"line":39,"column":53},"end":{"line":41,"column":null}}},"6":{"name":"(anonymous_18)","decl":{"start":{"line":43,"column":10},"end":{"line":43,"column":36}},"loc":{"start":{"line":43,"column":73},"end":{"line":45,"column":null}}},"7":{"name":"(anonymous_20)","decl":{"start":{"line":47,"column":4},"end":{"line":47,"column":32}},"loc":{"start":{"line":47,"column":69},"end":{"line":49,"column":5}}},"8":{"name":"(anonymous_21)","decl":{"start":{"line":51,"column":4},"end":{"line":51,"column":17}},"loc":{"start":{"line":51,"column":28},"end":{"line":53,"column":5}}},"9":{"name":"(anonymous_22)","decl":{"start":{"line":55,"column":10},"end":{"line":55,"column":39}},"loc":{"start":{"line":55,"column":56},"end":{"line":66,"column":null}}},"10":{"name":"(anonymous_24)","decl":{"start":{"line":68,"column":10},"end":{"line":68,"column":39}},"loc":{"start":{"line":68,"column":56},"end":{"line":79,"column":null}}},"11":{"name":"(anonymous_26)","decl":{"start":{"line":84,"column":10},"end":{"line":84,"column":35}},"loc":{"start":{"line":84,"column":52},"end":{"line":95,"column":null}}},"12":{"name":"(anonymous_28)","decl":{"start":{"line":101,"column":10},"end":{"line":101,"column":35}},"loc":{"start":{"line":101,"column":52},"end":{"line":109,"column":null}}},"13":{"name":"(anonymous_30)","decl":{"start":{"line":111,"column":12},"end":{"line":111,"column":24}},"loc":{"start":{"line":111,"column":42},"end":{"line":117,"column":5}}},"14":{"name":"(anonymous_31)","decl":{"start":{"line":112,"column":51},"end":{"line":112,"column":52}},"loc":{"start":{"line":112,"column":63},"end":{"line":112,"column":122}}},"15":{"name":"(anonymous_32)","decl":{"start":{"line":113,"column":45},"end":{"line":113,"column":46}},"loc":{"start":{"line":113,"column":57},"end":{"line":113,"column":109}}},"16":{"name":"(anonymous_33)","decl":{"start":{"line":114,"column":47},"end":{"line":114,"column":48}},"loc":{"start":{"line":114,"column":59},"end":{"line":114,"column":113}}}},"branchMap":{},"s":{"0":1,"1":1,"2":1,"3":0,"4":0,"5":0,"6":1,"7":0,"8":0,"9":0,"10":0,"11":0,"12":0,"13":0,"14":0,"15":0,"16":0,"17":0,"18":0,"19":0,"20":0,"21":0,"22":0,"23":0,"24":0,"25":0,"26":0,"27":0,"28":0,"29":0,"30":0,"31":0,"32":0,"33":0,"34":0,"35":0,"36":0,"37":0,"38":0,"39":1},"f":{"0":1,"1":0,"2":1,"3":0,"4":0,"5":0,"6":0,"7":0,"8":0,"9":0,"10":0,"11":0,"12":0,"13":0,"14":0,"15":0,"16":0},"b":{}}
}
