TN:
SF:src/__tests/mocks/MockPedidoGateway.ts
FN:9,(anonymous_8)
FN:9,(anonymous_9)
FN:14,(anonymous_10)
FN:14,(anonymous_11)
FN:19,(anonymous_12)
FN:19,(anonymous_13)
FN:24,(anonymous_14)
FN:24,(anonymous_15)
FN:29,(anonymous_16)
FN:29,(anonymous_17)
FN:35,(anonymous_18)
FN:35,(anonymous_19)
FNF:12
FNH:12
FNDA:1,(anonymous_8)
FNDA:1,(anonymous_9)
FNDA:1,(anonymous_10)
FNDA:1,(anonymous_11)
FNDA:1,(anonymous_12)
FNDA:1,(anonymous_13)
FNDA:1,(anonymous_14)
FNDA:1,(anonymous_15)
FNDA:1,(anonymous_16)
FNDA:1,(anonymous_17)
FNDA:1,(anonymous_18)
FNDA:1,(anonymous_19)
DA:1,1
DA:3,1
DA:6,1
DA:8,1
DA:9,1
DA:10,1
DA:13,1
DA:14,1
DA:15,1
DA:18,1
DA:19,1
DA:20,1
DA:23,1
DA:24,1
DA:25,1
DA:28,1
DA:29,1
DA:30,1
DA:34,1
DA:35,1
DA:36,1
DA:40,1
LF:22
LH:22
BRF:0
BRH:0
end_of_record
TN:
SF:src/__tests/mocks/MockPedidoRepository.ts
FN:9,(anonymous_8)
FN:9,(anonymous_9)
FNF:2
FNH:2
FNDA:3,(anonymous_8)
FNDA:3,(anonymous_9)
DA:2,3
DA:3,3
DA:6,3
DA:8,3
DA:9,3
DA:10,3
DA:22,3
LF:7
LH:7
BRF:0
BRH:0
end_of_record
TN:
SF:src/__tests/mocks/MockProdutoDoPedidoGateway.ts
FN:10,(anonymous_8)
FN:10,(anonymous_9)
FN:15,(anonymous_10)
FN:15,(anonymous_11)
FN:20,(anonymous_12)
FN:20,(anonymous_13)
FNF:6
FNH:6
FNDA:2,(anonymous_8)
FNDA:2,(anonymous_9)
FNDA:1,(anonymous_10)
FNDA:1,(anonymous_11)
FNDA:1,(anonymous_12)
FNDA:1,(anonymous_13)
DA:1,1
DA:4,1
DA:7,1
DA:9,1
DA:10,2
DA:11,2
DA:14,1
DA:15,1
DA:16,1
DA:19,1
DA:20,1
DA:21,1
DA:24,1
LF:13
LH:13
BRF:0
BRH:0
end_of_record
TN:
SF:src/__tests/mocks/MockProdutoDoPedidoRepository.ts
FN:10,(anonymous_8)
FN:10,(anonymous_9)
FN:12,(anonymous_10)
FN:30,(anonymous_11)
FN:30,(anonymous_12)
FNF:5
FNH:5
FNDA:3,(anonymous_8)
FNDA:3,(anonymous_9)
FNDA:4,(anonymous_10)
FNDA:4,(anonymous_11)
FNDA:4,(anonymous_12)
DA:3,3
DA:4,3
DA:7,3
DA:9,3
DA:10,3
DA:12,4
DA:20,3
DA:25,3
DA:29,3
DA:30,4
DA:31,4
DA:39,3
LF:12
LH:12
BRF:0
BRH:0
end_of_record
TN:
SF:src/enums/EnumStatusPedido.ts
FN:8,getDescricaoStatusPedido
FNF:1
FNH:1
FNDA:5,getDescricaoStatusPedido
DA:1,2
DA:9,5
DA:10,14
DA:11,4
DA:14,1
DA:17,2
LF:6
LH:6
BRDA:10,0,0,4
BRF:1
BRH:1
end_of_record
TN:
SF:src/external/repositories/PedidoRepository.ts
FN:9,(anonymous_7)
FN:13,(anonymous_8)
FN:29,(anonymous_10)
FN:43,(anonymous_12)
FN:71,(anonymous_14)
FN:103,(anonymous_16)
FN:136,(anonymous_18)
FNF:7
FNH:6
FNDA:3,(anonymous_7)
FNDA:0,(anonymous_8)
FNDA:3,(anonymous_10)
FNDA:3,(anonymous_12)
FNDA:3,(anonymous_14)
FNDA:3,(anonymous_16)
FNDA:3,(anonymous_18)
DA:10,3
DA:14,0
DA:15,0
DA:22,0
DA:24,0
DA:25,0
DA:30,3
DA:31,3
DA:36,3
DA:38,0
DA:39,0
DA:44,3
DA:45,3
DA:61,3
DA:62,3
DA:64,3
DA:66,0
DA:67,0
DA:72,3
DA:73,3
DA:93,3
DA:94,3
DA:96,3
DA:98,0
DA:99,0
DA:104,3
DA:105,3
DA:126,3
DA:127,3
DA:129,3
DA:131,0
DA:132,0
DA:137,3
DA:138,3
DA:150,3
DA:153,0
DA:154,0
DA:163,3
LF:38
LH:23
BRF:0
BRH:0
end_of_record
TN:
SF:src/external/repositories/ProdutosDoPedidoRepository.ts
FN:12,(anonymous_7)
FN:16,(anonymous_8)
FN:19,(anonymous_10)
FN:36,(anonymous_11)
FN:38,(anonymous_13)
FN:38,(anonymous_14)
FN:53,(anonymous_15)
FNF:7
FNH:4
FNDA:3,(anonymous_7)
FNDA:0,(anonymous_8)
FNDA:0,(anonymous_10)
FNDA:4,(anonymous_11)
FNDA:3,(anonymous_13)
FNDA:3,(anonymous_14)
FNDA:0,(anonymous_15)
DA:13,3
DA:17,0
DA:18,0
DA:20,0
DA:29,0
DA:31,0
DA:32,0
DA:37,4
DA:38,4
DA:39,3
DA:46,3
DA:48,1
DA:49,1
DA:54,0
DA:55,0
DA:60,0
DA:62,0
DA:63,0
DA:68,3
LF:19
LH:8
BRF:0
BRH:0
end_of_record
TN:
SF:src/gateways/pedido/index.ts
FN:8,(anonymous_7)
FN:12,(anonymous_8)
FN:16,(anonymous_10)
FN:20,(anonymous_12)
FN:24,(anonymous_14)
FN:28,(anonymous_16)
FN:32,(anonymous_18)
FNF:7
FNH:7
FNDA:6,(anonymous_7)
FNDA:1,(anonymous_8)
FNDA:1,(anonymous_10)
FNDA:1,(anonymous_12)
FNDA:1,(anonymous_14)
FNDA:1,(anonymous_16)
FNDA:1,(anonymous_18)
DA:5,2
DA:9,6
DA:13,1
DA:17,1
DA:21,1
DA:25,1
DA:29,1
DA:33,1
DA:34,1
DA:37,1
DA:39,0
LF:11
LH:10
BRF:0
BRH:0
end_of_record
TN:
SF:src/gateways/produtosDoPedido/index.ts
FN:8,(anonymous_7)
FN:11,(anonymous_8)
FN:21,(anonymous_9)
FN:27,(anonymous_10)
FN:31,(anonymous_12)
FN:35,(anonymous_14)
FNF:6
FNH:5
FNDA:2,(anonymous_7)
FNDA:0,(anonymous_8)
FNDA:1,(anonymous_9)
FNDA:1,(anonymous_10)
FNDA:1,(anonymous_12)
FNDA:1,(anonymous_14)
DA:5,2
DA:9,2
DA:12,0
DA:13,0
DA:14,0
DA:15,0
DA:17,0
DA:18,0
DA:22,1
DA:24,1
DA:28,1
DA:32,1
DA:36,1
LF:13
LH:7
BRF:0
BRH:0
end_of_record
TN:
SF:src/usecases/pedido/PedidoUseCase.ts
FN:11,(anonymous_7)
FN:18,(anonymous_8)
FN:35,(anonymous_10)
FN:41,(anonymous_12)
FN:45,(anonymous_14)
FN:51,(anonymous_16)
FN:55,(anonymous_18)
FN:59,(anonymous_20)
FN:63,(anonymous_22)
FN:68,(anonymous_24)
FN:82,(anonymous_26)
FN:98,(anonymous_28)
FN:115,(anonymous_30)
FN:125,(anonymous_32)
FN:126,(anonymous_33)
FN:127,(anonymous_34)
FN:128,(anonymous_35)
FNF:17
FNH:15
FNDA:1,(anonymous_7)
FNDA:1,(anonymous_8)
FNDA:1,(anonymous_10)
FNDA:1,(anonymous_12)
FNDA:1,(anonymous_14)
FNDA:1,(anonymous_16)
FNDA:1,(anonymous_18)
FNDA:1,(anonymous_20)
FNDA:1,(anonymous_22)
FNDA:1,(anonymous_24)
FNDA:0,(anonymous_26)
FNDA:0,(anonymous_28)
FNDA:1,(anonymous_30)
FNDA:1,(anonymous_32)
FNDA:505,(anonymous_33)
FNDA:505,(anonymous_34)
FNDA:505,(anonymous_35)
DA:5,1
DA:15,1
DA:16,1
DA:19,1
DA:21,1
DA:24,1
DA:27,1
DA:29,0
DA:30,0
DA:36,1
DA:37,1
DA:38,1
DA:42,1
DA:46,1
DA:47,1
DA:48,1
DA:52,1
DA:56,1
DA:60,1
DA:64,1
DA:69,1
DA:70,1
DA:75,1
DA:77,0
DA:78,0
DA:83,0
DA:84,0
DA:89,0
DA:91,0
DA:99,0
DA:100,0
DA:105,0
DA:107,0
DA:116,1
DA:117,1
DA:118,1
DA:120,0
DA:121,0
DA:126,505
DA:127,505
DA:128,505
DA:130,1
DA:134,1
LF:43
LH:29
BRF:0
BRH:0
end_of_record
